<?xml version="1.0" encoding="UTF-8"?>
<!-- Generated by org.testng.reporters.JUnitReportReporter -->
<testsuite hostname="LAPTOP-QQFR7U9L" name="test.testcases.Tc_LoginTest_001" tests="1" failures="0" timestamp="30 Jun 2020 13:42:22 GMT" time="0.907" errors="0">
  <testcase name="loginTest" time="0.907" classname="test.testcases.Tc_LoginTest_001"/>
</testsuite> <!-- test.testcases.Tc_LoginTest_001 -->
